<?xml version="1.0" encoding="UTF-8"?>
<!--
This is a JUnit-style XML example with commonly used tags and attributes.
-->

<!-- <testsuites> Usually the root element of a JUnit XML file. Some tools leave out
the <testsuites> element if there is only a single top-level <testsuite> element (which
is then used as the root element).

name        Name of the entire test run
tests       Total number of tests in this file
failures    Total number of failed tests in this file
errors      Total number of errored tests in this file
skipped     Total number of skipped tests in this file
assertions  Total number of assertions for all tests in this file
time        Aggregated time of all tests in this file in seconds
timestamp   Date and time of when the test run was executed (in ISO 8601 format)
-->
<testsuites name="Library Information System (LIS)" tests="8" failures="1" errors="1" skipped="1"
    assertions="20" time="16.082687" timestamp="2021-04-02T15:48:23">

    <!-- <testsuite> A test suite usually represents a class, folder or group of tests.
    There can be many test suites in an XML file, and there can be test suites under other
    test suites.

    name        Name of the test suite (e.g. class name or folder name)
    tests       Total number of tests in this suite
    failures    Total number of failed tests in this suite
    errors      Total number of errored tests in this suite
    skipped     Total number of skipped tests in this suite
    assertions  Total number of assertions for all tests in this suite
    time        Aggregated time of all tests in this file in seconds
    timestamp   Date and time of when the test suite was executed (in ISO 8601 format)
    file        Source code file of this test suite
    -->
    <testsuite name="LIS.Registration" tests="8" failures="1" errors="1" skipped="1"
        assertions="20" time="16.082687" timestamp="2021-04-02T15:48:23"
        file="tests/registration.cs">

        <!-- <properties> Test suites (and test cases, see below) can have additional
        properties such as environment variables or version numbers. -->
        <properties>
            <!-- <property> Each property has a name and value. Some tools also support
            properties with text values instead of value attributes. -->
            <property name="version" value="1.774" />
            <property name="commit" value="d205f50f6463cf4e684b6f81411a859346580fa5" />
            <property name="browser" value="Google Chrome" />
            <property name="ci" value="https://github.com/actions/runs/1234" />
            <property name="config">
                Config line #1
                Config line #2
                Config line #3
            </property>
        </properties>

        <!-- <system-out> Optionally data written to standard out for the suite.
        Also supported on a test case level, see below. -->
        <system-out>Data written to standard out.</system-out>

        <!-- <system-err> Optionally data written to standard error for the suite.
        Also supported on a test case level, see below. -->
        <system-err>Data written to standard error.</system-err>

        <!-- <testcase> There are one or more test cases in a test suite. A test passed
        if there isn't an additional result element (skipped, failure, error).

        name        The name of this test case, often the method name
        classname   The name of the parent class/folder, often the same as the suite's name
        assertions  Number of assertions checked during test case execution
        time        Execution time of the test in seconds
        file        Source code file of this test case
        line        Source code line number of the start of this test case
        -->
        <testcase name="registration1" classname="LIS.Registration" assertions="2"
            time="2.436" file="tests/registration.cs" line="24" />
        <testcase name="registration2" classname="LIS.Registration" assertions="6"
            time="1.534" file="tests/registration.cs" line="62" />
        <testcase name="registration3" classname="LIS.Registration" assertions="3"
            time="0.822" file="tests/registration.cs" line="102" />

        <!-- Example of a test case that was skipped -->
        <testcase name="registration4" classname="LIS.Registration" assertions="0"
            time="0" file="tests/registration.cs" line="164">
            <!-- <skipped> Indicates that the test was not executed. Can have an optional
            message describing why the test was skipped. -->
            <skipped message="Test was skipped." />
        </testcase>

        <!-- Example of a test case that failed with different types of attachment. -->
        <testcase name="registration5" classname="LIS.Registration" assertions="2"
            time="2.902412" file="tests/registration.cs" line="202">
            <!-- <failure> The test failed because one of the assertions/checks failed.
            Can have a message and failure type, often the assertion type or class. The text
            content of the element often includes the failure description or stack trace. -->
            <failure message="Expected value did not match." type="AssertionError">
                Resource: Login Page
                File: /Login.aspx
                URL: https://www.libraryinformationsystem.org
                Expected 'librarian', found 'borrower'
            </failure>
            <properties>
                <property name="attachment" value="screenshots/home.png" />
                <property name="attachment" value="screenshots/login.png" />
                <property name="attachment1" value="https://github.com/Inflectra/spira-addons-xunit-python/samples/screenshots/home.png" />
                <property name="attachment2" value="https://github.com/Inflectra/spira-addons-xunit-python/samples/screenshots/login.png" />
            </properties>
        </testcase>

        <!-- Example of a test case that had errors. -->
        <testcase name="registration6" classname="LIS.Registration" assertions="0"
            time="3.819" file="tests/registration.cs" line="235">
            <!-- <error> The test had an unexpected error during execution. Can have a
            message and error type, often the exception type or class. The text
            content of the element often includes the error description or stack trace. -->
            <error message="Division by zero." type="ArithmeticError">
                15. var x = total / count;
            </error>
        </testcase>

        <!-- Example of a test case with outputs. -->
        <testcase name="registration7" classname="LIS.Registration" assertions="3"
            time="2.944" file="tests/registration.cs" line="287">
            <!-- <system-out> Optional data written to standard out for the test case. -->
            <system-out>
                Data written to standard out.
            </system-out>

            <!-- <system-err> Optional data written to standard error for the test case, including attachments. -->
            <system-err>
                Data written to standard error.
                [[ATTACHMENT|screenshots/home.png]]
                [[ATTACHMENT|screenshots/login.png]]
            </system-err>
        </testcase>

        <!-- Example of a test case with properties and attachments -->
        <testcase name="registration8" classname="LIS.Registration" assertions="4"
            time="1.625275" file="tests/registration.cs" line="302">
            <!-- <properties> Some tools also support properties for test cases. -->
            <properties>
                <property name="priority" value="2 - High" />
                <property name="language" value="en-US" />
                <property name="author" value="Fred Bloggs" />
                <property name="attachment" value="screenshots/login.png" />
                <property name="attachment" value="screenshots/message.png" />
                <property name="description">
                    This text describes the purpose of this test case and provides
                    an overview of what the test does and how it works.
                </property>
            </properties>
        </testcase>
    </testsuite>
</testsuites>
